CLIENTE 9 | Prodotti acquistati:63 | Tempo nel negozio:0.209 s | Tempo in coda:0.000 s | Code cambiate:1 |
CLIENTE 15 | Prodotti acquistati:5 | Tempo nel negozio:0.364 s | Tempo in coda:0.155 s | Code cambiate:1 |
CLIENTE 44 | Prodotti acquistati:8 | Tempo nel negozio:0.444 s | Tempo in coda:0.190 s | Code cambiate:1 |
CLIENTE 5 | Prodotti acquistati:35 | Tempo nel negozio:0.979 s | Tempo in coda:0.739 s | Code cambiate:1 |
CLIENTE 4 | Prodotti acquistati:28 | Tempo nel negozio:1.036 s | Tempo in coda:0.765 s | Code cambiate:1 |
CLIENTE 6 | Prodotti acquistati:42 | Tempo nel negozio:1.090 s | Tempo in coda:0.886 s | Code cambiate:1 |
CLIENTE 16 | Prodotti acquistati:12 | Tempo nel negozio:1.308 s | Tempo in coda:1.034 s | Code cambiate:1 |
CLIENTE 22 | Prodotti acquistati:54 | Tempo nel negozio:1.308 s | Tempo in coda:1.034 s | Code cambiate:1 |
CLIENTE 17 | Prodotti acquistati:19 | Tempo nel negozio:1.395 s | Tempo in coda:1.155 s | Code cambiate:1 |
CLIENTE 26 | Prodotti acquistati:82 | Tempo nel negozio:1.395 s | Tempo in coda:1.147 s | Code cambiate:1 |
CLIENTE 18 | Prodotti acquistati:26 | Tempo nel negozio:1.652 s | Tempo in coda:1.443 s | Code cambiate:1 |
CLIENTE 36 | Prodotti acquistati:52 | Tempo nel negozio:1.652 s | Tempo in coda:1.431 s | Code cambiate:1 |
CLIENTE 34 | Prodotti acquistati:38 | Tempo nel negozio:2.100 s | Tempo in coda:1.817 s | Code cambiate:1 |
CLIENTE 35 | Prodotti acquistati:45 | Tempo nel negozio:2.331 s | Tempo in coda:2.083 s | Code cambiate:1 |
CLIENTE 48 | Prodotti acquistati:36 | Tempo nel negozio:2.418 s | Tempo in coda:2.197 s | Code cambiate:1 |
CLIENTE 25 | Prodotti acquistati:75 | Tempo nel negozio:2.418 s | Tempo in coda:2.144 s | Code cambiate:1 |
CLIENTE 46 | Prodotti acquistati:22 | Tempo nel negozio:2.569 s | Tempo in coda:2.286 s | Code cambiate:1 |
CLIENTE 47 | Prodotti acquistati:29 | Tempo nel negozio:2.950 s | Tempo in coda:2.697 s | Code cambiate:1 |
CLIENTE 43 | Prodotti acquistati:1 | Tempo nel negozio:3.009 s | Tempo in coda:2.727 s | Code cambiate:1 |
CLIENTE 0 | Prodotti acquistati:30 | Tempo nel negozio:3.074 s | Tempo in coda:2.781 s | Code cambiate:1 |
CLIENTE 12 | Prodotti acquistati:84 | Tempo nel negozio:3.064 s | Tempo in coda:2.762 s | Code cambiate:1 |
CLIENTE 20 | Prodotti acquistati:40 | Tempo nel negozio:3.401 s | Tempo in coda:3.064 s | Code cambiate:1 |
CLIENTE 3 | Prodotti acquistati:21 | Tempo nel negozio:3.464 s | Tempo in coda:3.162 s | Code cambiate:1 |
CLIENTE 11 | Prodotti acquistati:77 | Tempo nel negozio:3.464 s | Tempo in coda:3.127 s | Code cambiate:1 |
CLIENTE 23 | Prodotti acquistati:61 | Tempo nel negozio:3.464 s | Tempo in coda:3.127 s | Code cambiate:1 |
CLIENTE 29 | Prodotti acquistati:3 | Tempo nel negozio:3.562 s | Tempo in coda:3.217 s | Code cambiate:1 |
CLIENTE 10 | Prodotti acquistati:70 | Tempo nel negozio:3.732 s | Tempo in coda:3.368 s | Code cambiate:1 |
CLIENTE 28 | Prodotti acquistati:96 | Tempo nel negozio:3.732 s | Tempo in coda:3.361 s | Code cambiate:1 |
CLIENTE 37 | Prodotti acquistati:59 | Tempo nel negozio:3.732 s | Tempo in coda:3.352 s | Code cambiate:1 |
CLIENTE 40 | Prodotti acquistati:80 | Tempo nel negozio:3.732 s | Tempo in coda:3.352 s | Code cambiate:1 |
CLIENTE 45 | Prodotti acquistati:15 | Tempo nel negozio:3.732 s | Tempo in coda:3.511 s | Code cambiate:2 |
CLIENTE 52 | Prodotti acquistati:64 | Tempo nel negozio:3.288 s | Tempo in coda:2.999 s | Code cambiate:1 |
CLIENTE 58 | Prodotti acquistati:6 | Tempo nel negozio:2.488 s | Tempo in coda:2.100 s | Code cambiate:1 |
CLIENTE 21 | Prodotti acquistati:47 | Tempo nel negozio:4.050 s | Tempo in coda:3.740 s | Code cambiate:1 |
CLIENTE 24 | Prodotti acquistati:68 | Tempo nel negozio:4.050 s | Tempo in coda:3.740 s | Code cambiate:1 |
CLIENTE 32 | Prodotti acquistati:24 | Tempo nel negozio:4.081 s | Tempo in coda:3.736 s | Code cambiate:1 |
CLIENTE 41 | Prodotti acquistati:87 | Tempo nel negozio:4.081 s | Tempo in coda:3.736 s | Code cambiate:1 |
CLIENTE 27 | Prodotti acquistati:89 | Tempo nel negozio:4.081 s | Tempo in coda:3.869 s | Code cambiate:2 |
CLIENTE 14 | Prodotti acquistati:98 | Tempo nel negozio:4.081 s | Tempo in coda:3.841 s | Code cambiate:2 |
CLIENTE 13 | Prodotti acquistati:91 | Tempo nel negozio:4.081 s | Tempo in coda:3.807 s | Code cambiate:2 |
CLIENTE 30 | Prodotti acquistati:10 | Tempo nel negozio:4.291 s | Tempo in coda:3.981 s | Code cambiate:1 |
CLIENTE 61 | Prodotti acquistati:27 | Tempo nel negozio:2.803 s | Tempo in coda:2.415 s | Code cambiate:1 |
CLIENTE 51 | Prodotti acquistati:57 | Tempo nel negozio:4.335 s | Tempo in coda:4.014 s | Code cambiate:1 |
CLIENTE 19 | Prodotti acquistati:33 | Tempo nel negozio:4.779 s | Tempo in coda:4.408 s | Code cambiate:1 |
CLIENTE 50 | Prodotti acquistati:50 | Tempo nel negozio:4.335 s | Tempo in coda:3.984 s | Code cambiate:1 |
CLIENTE 53 | Prodotti acquistati:71 | Tempo nel negozio:3.689 s | Tempo in coda:3.431 s | Code cambiate:1 |
CLIENTE 55 | Prodotti acquistati:85 | Tempo nel negozio:3.689 s | Tempo in coda:3.398 s | Code cambiate:1 |
CLIENTE 33 | Prodotti acquistati:31 | Tempo nel negozio:4.953 s | Tempo in coda:4.643 s | Code cambiate:1 |
CLIENTE 42 | Prodotti acquistati:94 | Tempo nel negozio:4.953 s | Tempo in coda:4.635 s | Code cambiate:1 |
CLIENTE 71 | Prodotti acquistati:97 | Tempo nel negozio:1.612 s | Tempo in coda:1.253 s | Code cambiate:1 |
CLIENTE 65 | Prodotti acquistati:55 | Tempo nel negozio:2.126 s | Tempo in coda:1.866 s | Code cambiate:1 |
CLIENTE 59 | Prodotti acquistati:13 | Tempo nel negozio:3.425 s | Tempo in coda:3.068 s | Code cambiate:1 |
CLIENTE 2 | Prodotti acquistati:14 | Tempo nel negozio:5.289 s | Tempo in coda:4.959 s | Code cambiate:1 |
CLIENTE 38 | Prodotti acquistati:66 | Tempo nel negozio:5.279 s | Tempo in coda:4.934 s | Code cambiate:1 |
CLIENTE 100 | Prodotti acquistati:0 | Tempo nel negozio:0.214 s | Tempo di coda:0 s | Code cambiate:0 |
CLIENTE 64 | Prodotti acquistati:48 | Tempo nel negozio:3.027 s | Tempo in coda:2.732 s | Code cambiate:1 |
CLIENTE 39 | Prodotti acquistati:73 | Tempo nel negozio:5.465 s | Tempo in coda:5.244 s | Code cambiate:2 |
CLIENTE 1 | Prodotti acquistati:7 | Tempo nel negozio:5.476 s | Tempo in coda:5.112 s | Code cambiate:1 |
CLIENTE 8 | Prodotti acquistati:56 | Tempo nel negozio:5.466 s | Tempo in coda:5.226 s | Code cambiate:2 |
CLIENTE 7 | Prodotti acquistati:49 | Tempo nel negozio:5.466 s | Tempo in coda:5.101 s | Code cambiate:1 |
CLIENTE 74 | Prodotti acquistati:18 | Tempo nel negozio:1.743 s | Tempo in coda:1.475 s | Code cambiate:1 |
CLIENTE 31 | Prodotti acquistati:17 | Tempo nel negozio:5.848 s | Tempo in coda:5.477 s | Code cambiate:1 |
CLIENTE 77 | Prodotti acquistati:39 | Tempo nel negozio:2.562 s | Tempo in coda:2.295 s | Code cambiate:1 |
CLIENTE 83 | Prodotti acquistati:81 | Tempo nel negozio:2.214 s | Tempo in coda:1.942 s | Code cambiate:1 |
CLIENTE 63 | Prodotti acquistati:41 | Tempo nel negozio:3.877 s | Tempo in coda:3.551 s | Code cambiate:1 |
CLIENTE 67 | Prodotti acquistati:69 | Tempo nel negozio:3.344 s | Tempo in coda:2.954 s | Code cambiate:1 |
CLIENTE 68 | Prodotti acquistati:76 | Tempo nel negozio:3.231 s | Tempo in coda:2.874 s | Code cambiate:1 |
CLIENTE 70 | Prodotti acquistati:90 | Tempo nel negozio:3.231 s | Tempo in coda:2.841 s | Code cambiate:1 |
CLIENTE 86 | Prodotti acquistati:2 | Tempo nel negozio:2.292 s | Tempo in coda:2.021 s | Code cambiate:1 |
CLIENTE 49 | Prodotti acquistati:43 | Tempo nel negozio:6.754 s | Tempo in coda:6.375 s | Code cambiate:1 |
CLIENTE 54 | Prodotti acquistati:78 | Tempo nel negozio:5.665 s | Tempo in coda:5.342 s | Code cambiate:1 |
CLIENTE 57 | Prodotti acquistati:99 | Tempo nel negozio:5.359 s | Tempo in coda:5.133 s | Code cambiate:1 |
CLIENTE 56 | Prodotti acquistati:92 | Tempo nel negozio:5.360 s | Tempo in coda:5.104 s | Code cambiate:1 |
CLIENTE 89 | Prodotti acquistati:23 | Tempo nel negozio:2.413 s | Tempo in coda:2.048 s | Code cambiate:1 |
CLIENTE 98 | Prodotti acquistati:86 | Tempo nel negozio:1.791 s | Tempo in coda:1.423 s | Code cambiate:1 |
CLIENTE 95 | Prodotti acquistati:65 | Tempo nel negozio:1.915 s | Tempo in coda:1.639 s | Code cambiate:1 |
CLIENTE 76 | Prodotti acquistati:32 | Tempo nel negozio:3.235 s | Tempo in coda:3.033 s | Code cambiate:1 |
CLIENTE 79 | Prodotti acquistati:53 | Tempo nel negozio:3.235 s | Tempo in coda:3.033 s | Code cambiate:1 |
CLIENTE 107 | Prodotti acquistati:49 | Tempo nel negozio:1.581 s | Tempo in coda:1.306 s | Code cambiate:1 |
CLIENTE 101 | Prodotti acquistati:7 | Tempo nel negozio:1.767 s | Tempo in coda:1.394 s | Code cambiate:1 |
CLIENTE 113 | Prodotti acquistati:91 | Tempo nel negozio:0.292 s | Tempo in coda:0.008 s | Code cambiate:1 |
CLIENTE 60 | Prodotti acquistati:20 | Tempo nel negozio:5.545 s | Tempo in coda:5.223 s | Code cambiate:1 |
CLIENTE 75 | Prodotti acquistati:25 | Tempo nel negozio:3.762 s | Tempo in coda:3.527 s | Code cambiate:1 |
CLIENTE 82 | Prodotti acquistati:74 | Tempo nel negozio:3.611 s | Tempo in coda:3.308 s | Code cambiate:1 |
CLIENTE 117 | Prodotti acquistati:19 | Tempo nel negozio:0.669 s | Tempo in coda:0.416 s | Code cambiate:1 |
CLIENTE 116 | Prodotti acquistati:12 | Tempo nel negozio:0.944 s | Tempo in coda:0.661 s | Code cambiate:1 |
CLIENTE 88 | Prodotti acquistati:16 | Tempo nel negozio:3.765 s | Tempo in coda:3.555 s | Code cambiate:1 |
CLIENTE 85 | Prodotti acquistati:95 | Tempo nel negozio:3.765 s | Tempo in coda:3.462 s | Code cambiate:1 |
CLIENTE 62 | Prodotti acquistati:34 | Tempo nel negozio:5.504 s | Tempo in coda:5.151 s | Code cambiate:1 |
CLIENTE 66 | Prodotti acquistati:62 | Tempo nel negozio:4.971 s | Tempo in coda:4.741 s | Code cambiate:1 |
CLIENTE 69 | Prodotti acquistati:83 | Tempo nel negozio:4.858 s | Tempo in coda:4.626 s | Code cambiate:1 |
CLIENTE 73 | Prodotti acquistati:11 | Tempo nel negozio:4.724 s | Tempo in coda:4.427 s | Code cambiate:1 |
CLIENTE 72 | Prodotti acquistati:4 | Tempo nel negozio:4.850 s | Tempo in coda:4.522 s | Code cambiate:1 |
CLIENTE 119 | Prodotti acquistati:33 | Tempo nel negozio:1.543 s | Tempo in coda:1.164 s | Code cambiate:1 |
CLIENTE 122 | Prodotti acquistati:54 | Tempo nel negozio:1.464 s | Tempo in coda:1.086 s | Code cambiate:1 |
CLIENTE 125 | Prodotti acquistati:75 | Tempo nel negozio:1.016 s | Tempo in coda:0.728 s | Code cambiate:1 |
CLIENTE 94 | Prodotti acquistati:58 | Tempo nel negozio:3.839 s | Tempo in coda:3.532 s | Code cambiate:1 |
CLIENTE 91 | Prodotti acquistati:37 | Tempo nel negozio:4.164 s | Tempo in coda:3.859 s | Code cambiate:1 |
CLIENTE 131 | Prodotti acquistati:17 | Tempo nel negozio:0.968 s | Tempo in coda:0.583 s | Code cambiate:1 |
CLIENTE 137 | Prodotti acquistati:59 | Tempo nel negozio:0.379 s | Tempo in coda:0.087 s | Code cambiate:1 |
CLIENTE 140 | Prodotti acquistati:80 | Tempo nel negozio:0.389 s | Tempo in coda:0.000 s | Code cambiate:1 |
CLIENTE 78 | Prodotti acquistati:46 | Tempo nel negozio:5.544 s | Tempo in coda:5.308 s | Code cambiate:1 |
CLIENTE 81 | Prodotti acquistati:67 | Tempo nel negozio:5.393 s | Tempo in coda:5.059 s | Code cambiate:1 |
CLIENTE 80 | Prodotti acquistati:60 | Tempo nel negozio:5.393 s | Tempo in coda:5.030 s | Code cambiate:1 |
CLIENTE 143 | Prodotti acquistati:1 | Tempo nel negozio:0.355 s | Tempo in coda:0.059 s | Code cambiate:1 |
CLIENTE 84 | Prodotti acquistati:88 | Tempo nel negozio:5.421 s | Tempo in coda:5.087 s | Code cambiate:1 |
CLIENTE 87 | Prodotti acquistati:9 | Tempo nel negozio:5.421 s | Tempo in coda:5.180 s | Code cambiate:1 |
CLIENTE 92 | Prodotti acquistati:44 | Tempo nel negozio:4.751 s | Tempo in coda:4.382 s | Code cambiate:1 |
CLIENTE 99 | Prodotti acquistati:93 | Tempo nel negozio:4.454 s | Tempo in coda:4.210 s | Code cambiate:1 |
CLIENTE 103 | Prodotti acquistati:21 | Tempo nel negozio:4.702 s | Tempo in coda:4.395 s | Code cambiate:1 |
CLIENTE 146 | Prodotti acquistati:22 | Tempo nel negozio:0.774 s | Tempo in coda:0.479 s | Code cambiate:1 |
CLIENTE 93 | Prodotti acquistati:51 | Tempo nel negozio:5.368 s | Tempo in coda:5.035 s | Code cambiate:1 |
CLIENTE 90 | Prodotti acquistati:30 | Tempo nel negozio:5.693 s | Tempo in coda:5.358 s | Code cambiate:1 |
CLIENTE 96 | Prodotti acquistati:72 | Tempo nel negozio:5.195 s | Tempo in coda:4.950 s | Code cambiate:1 |
CLIENTE 97 | Prodotti acquistati:79 | Tempo nel negozio:5.195 s | Tempo in coda:4.986 s | Code cambiate:1 |
CLIENTE 102 | Prodotti acquistati:14 | Tempo nel negozio:5.195 s | Tempo in coda:4.853 s | Code cambiate:1 |
CLIENTE 109 | Prodotti acquistati:63 | Tempo nel negozio:5.008 s | Tempo in coda:4.793 s | Code cambiate:1 |
CLIENTE 112 | Prodotti acquistati:84 | Tempo nel negozio:4.555 s | Tempo in coda:4.240 s | Code cambiate:1 |
CLIENTE 110 | Prodotti acquistati:70 | Tempo nel negozio:4.555 s | Tempo in coda:4.180 s | Code cambiate:1 |
CLIENTE 106 | Prodotti acquistati:42 | Tempo nel negozio:5.385 s | Tempo in coda:5.170 s | Code cambiate:1 |
CLIENTE 157 | Prodotti acquistati:99 | Tempo nel negozio:0.797 s | Tempo in coda:0.560 s | Code cambiate:1 |
CLIENTE 149 | Prodotti acquistati:43 | Tempo nel negozio:1.443 s | Tempo in coda:1.055 s | Code cambiate:1 |
CLIENTE 153 | Prodotti acquistati:71 | Tempo nel negozio:0.963 s | Tempo in coda:0.601 s | Code cambiate:1 |
CLIENTE 155 | Prodotti acquistati:85 | Tempo nel negozio:0.797 s | Tempo in coda:0.500 s | Code cambiate:1 |
CLIENTE 115 | Prodotti acquistati:5 | Tempo nel negozio:4.227 s | Tempo in coda:3.913 s | Code cambiate:1 |
CLIENTE 158 | Prodotti acquistati:6 | Tempo nel negozio:0.629 s | Tempo in coda:0.425 s | Code cambiate:1 |
CLIENTE 105 | Prodotti acquistati:35 | Tempo nel negozio:5.751 s | Tempo in coda:5.506 s | Code cambiate:1 |
CLIENTE 108 | Prodotti acquistati:56 | Tempo nel negozio:5.751 s | Tempo in coda:5.505 s | Code cambiate:1 |
CLIENTE 159 | Prodotti acquistati:13 | Tempo nel negozio:0.928 s | Tempo in coda:0.562 s | Code cambiate:1 |
CLIENTE 118 | Prodotti acquistati:26 | Tempo nel negozio:4.667 s | Tempo in coda:4.449 s | Code cambiate:1 |
CLIENTE 124 | Prodotti acquistati:68 | Tempo nel negozio:4.488 s | Tempo in coda:4.173 s | Code cambiate:1 |
CLIENTE 123 | Prodotti acquistati:61 | Tempo nel negozio:4.488 s | Tempo in coda:4.138 s | Code cambiate:1 |
CLIENTE 130 | Prodotti acquistati:10 | Tempo nel negozio:3.952 s | Tempo in coda:3.726 s | Code cambiate:1 |
CLIENTE 136 | Prodotti acquistati:52 | Tempo nel negozio:3.576 s | Tempo in coda:3.350 s | Code cambiate:1 |
CLIENTE 104 | Prodotti acquistati:28 | Tempo nel negozio:6.353 s | Tempo in coda:6.077 s | Code cambiate:1 |
CLIENTE 111 | Prodotti acquistati:77 | Tempo nel negozio:5.523 s | Tempo in coda:5.178 s | Code cambiate:1 |
CLIENTE 114 | Prodotti acquistati:98 | Tempo nel negozio:5.064 s | Tempo in coda:4.814 s | Code cambiate:1 |
CLIENTE 161 | Prodotti acquistati:27 | Tempo nel negozio:1.128 s | Tempo in coda:0.921 s | Code cambiate:1 |
CLIENTE 167 | Prodotti acquistati:69 | Tempo nel negozio:0.996 s | Tempo in coda:0.787 s | Code cambiate:1 |
CLIENTE 165 | Prodotti acquistati:55 | Tempo nel negozio:1.034 s | Tempo in coda:0.763 s | Code cambiate:1 |
CLIENTE 169 | Prodotti acquistati:83 | Tempo nel negozio:0.997 s | Tempo in coda:0.755 s | Code cambiate:1 |
CLIENTE 170 | Prodotti acquistati:90 | Tempo nel negozio:0.762 s | Tempo in coda:0.551 s | Code cambiate:1 |
CLIENTE 173 | Prodotti acquistati:11 | Tempo nel negozio:0.704 s | Tempo in coda:0.399 s | Code cambiate:1 |
CLIENTE 179 | Prodotti acquistati:53 | Tempo nel negozio:0.419 s | Tempo in coda:0.204 s | Code cambiate:1 |
CLIENTE 142 | Prodotti acquistati:94 | Tempo nel negozio:3.935 s | Tempo in coda:3.608 s | Code cambiate:1 |
CLIENTE 139 | Prodotti acquistati:73 | Tempo nel negozio:4.043 s | Tempo in coda:3.818 s | Code cambiate:1 |
CLIENTE 134 | Prodotti acquistati:38 | Tempo nel negozio:4.365 s | Tempo in coda:4.073 s | Code cambiate:1 |
CLIENTE 141 | Prodotti acquistati:87 | Tempo nel negozio:3.935 s | Tempo in coda:3.579 s | Code cambiate:1 |
CLIENTE 121 | Prodotti acquistati:47 | Tempo nel negozio:5.837 s | Tempo in coda:5.523 s | Code cambiate:1 |
CLIENTE 177 | Prodotti acquistati:39 | Tempo nel negozio:1.290 s | Tempo in coda:1.015 s | Code cambiate:1 |
CLIENTE 185 | Prodotti acquistati:95 | Tempo nel negozio:0.816 s | Tempo in coda:0.504 s | Code cambiate:1 |
CLIENTE 148 | Prodotti acquistati:36 | Tempo nel negozio:4.029 s | Tempo in coda:3.795 s | Code cambiate:1 |
CLIENTE 188 | Prodotti acquistati:16 | Tempo nel negozio:0.860 s | Tempo in coda:0.644 s | Code cambiate:1 |
CLIENTE 120 | Prodotti acquistati:40 | Tempo nel negozio:6.681 s | Tempo in coda:6.331 s | Code cambiate:1 |
CLIENTE 127 | Prodotti acquistati:89 | Tempo nel negozio:6.154 s | Tempo in coda:5.928 s | Code cambiate:1 |
CLIENTE 126 | Prodotti acquistati:82 | Tempo nel negozio:6.154 s | Tempo in coda:5.897 s | Code cambiate:1 |
CLIENTE 129 | Prodotti acquistati:3 | Tempo nel negozio:5.943 s | Tempo in coda:5.589 s | Code cambiate:1 |
CLIENTE 128 | Prodotti acquistati:96 | Tempo nel negozio:5.943 s | Tempo in coda:5.558 s | Code cambiate:1 |
CLIENTE 189 | Prodotti acquistati:23 | Tempo nel negozio:1.355 s | Tempo in coda:0.977 s | Code cambiate:1 |
CLIENTE 147 | Prodotti acquistati:29 | Tempo nel negozio:4.637 s | Tempo in coda:4.372 s | Code cambiate:1 |
CLIENTE 151 | Prodotti acquistati:57 | Tempo nel negozio:4.409 s | Tempo in coda:4.083 s | Code cambiate:1 |
CLIENTE 154 | Prodotti acquistati:78 | Tempo nel negozio:3.931 s | Tempo in coda:3.600 s | Code cambiate:1 |
CLIENTE 200 | Prodotti acquistati:0 | Tempo nel negozio:0.219 s | Tempo di coda:0 s | Code cambiate:0 |
CLIENTE 160 | Prodotti acquistati:20 | Tempo nel negozio:3.871 s | Tempo in coda:3.636 s | Code cambiate:1 |
CLIENTE 133 | Prodotti acquistati:31 | Tempo nel negozio:6.496 s | Tempo in coda:6.173 s | Code cambiate:1 |
CLIENTE 191 | Prodotti acquistati:37 | Tempo nel negozio:1.879 s | Tempo in coda:1.660 s | Code cambiate:1 |
CLIENTE 197 | Prodotti acquistati:79 | Tempo nel negozio:1.035 s | Tempo in coda:0.816 s | Code cambiate:1 |
CLIENTE 199 | Prodotti acquistati:93 | Tempo nel negozio:1.035 s | Tempo in coda:0.785 s | Code cambiate:1 |
CLIENTE 193 | Prodotti acquistati:51 | Tempo nel negozio:1.879 s | Tempo in coda:1.533 s | Code cambiate:1 |
CLIENTE 201 | Prodotti acquistati:7 | Tempo nel negozio:1.104 s | Tempo in coda:0.723 s | Code cambiate:1 |
CLIENTE 132 | Prodotti acquistati:24 | Tempo nel negozio:7.020 s | Tempo in coda:6.666 s | Code cambiate:1 |
CLIENTE 166 | Prodotti acquistati:62 | Tempo nel negozio:4.247 s | Tempo in coda:4.009 s | Code cambiate:1 |
CLIENTE 163 | Prodotti acquistati:41 | Tempo nel negozio:4.342 s | Tempo in coda:4.009 s | Code cambiate:1 |
CLIENTE 172 | Prodotti acquistati:4 | Tempo nel negozio:4.087 s | Tempo in coda:3.749 s | Code cambiate:1 |
CLIENTE 171 | Prodotti acquistati:97 | Tempo nel negozio:4.088 s | Tempo in coda:3.718 s | Code cambiate:1 |
CLIENTE 203 | Prodotti acquistati:21 | Tempo nel negozio:1.401 s | Tempo in coda:1.081 s | Code cambiate:1 |
CLIENTE 209 | Prodotti acquistati:63 | Tempo nel negozio:0.630 s | Tempo in coda:0.405 s | Code cambiate:1 |
CLIENTE 217 | Prodotti acquistati:19 | Tempo nel negozio:0.678 s | Tempo in coda:0.416 s | Code cambiate:1 |
CLIENTE 135 | Prodotti acquistati:45 | Tempo nel negozio:7.700 s | Tempo in coda:7.443 s | Code cambiate:1 |
CLIENTE 138 | Prodotti acquistati:66 | Tempo nel negozio:7.378 s | Tempo in coda:7.117 s | Code cambiate:1 |
CLIENTE 215 | Prodotti acquistati:5 | Tempo nel negozio:0.817 s | Tempo in coda:0.496 s | Code cambiate:1 |
CLIENTE 144 | Prodotti acquistati:8 | Tempo nel negozio:7.087 s | Tempo in coda:6.822 s | Code cambiate:1 |
CLIENTE 178 | Prodotti acquistati:46 | Tempo nel negozio:4.489 s | Tempo in coda:4.247 s | Code cambiate:1 |
CLIENTE 181 | Prodotti acquistati:67 | Tempo nel negozio:4.434 s | Tempo in coda:4.091 s | Code cambiate:1 |
CLIENTE 184 | Prodotti acquistati:88 | Tempo nel negozio:4.274 s | Tempo in coda:3.935 s | Code cambiate:1 |
CLIENTE 182 | Prodotti acquistati:74 | Tempo nel negozio:4.275 s | Tempo in coda:3.965 s | Code cambiate:1 |
CLIENTE 183 | Prodotti acquistati:81 | Tempo nel negozio:4.275 s | Tempo in coda:3.905 s | Code cambiate:1 |
CLIENTE 145 | Prodotti acquistati:15 | Tempo nel negozio:7.433 s | Tempo in coda:7.106 s | Code cambiate:1 |
CLIENTE 150 | Prodotti acquistati:50 | Tempo nel negozio:6.937 s | Tempo in coda:6.575 s | Code cambiate:1 |
CLIENTE 152 | Prodotti acquistati:64 | Tempo nel negozio:6.459 s | Tempo in coda:6.162 s | Code cambiate:1 |
CLIENTE 156 | Prodotti acquistati:92 | Tempo nel negozio:6.293 s | Tempo in coda:6.026 s | Code cambiate:1 |
CLIENTE 187 | Prodotti acquistati:9 | Tempo nel negozio:4.223 s | Tempo in coda:3.978 s | Code cambiate:1 |
CLIENTE 221 | Prodotti acquistati:47 | Tempo nel negozio:1.205 s | Tempo in coda:0.978 s | Code cambiate:1 |
CLIENTE 225 | Prodotti acquistati:75 | Tempo nel negozio:0.998 s | Tempo in coda:0.701 s | Code cambiate:1 |
CLIENTE 227 | Prodotti acquistati:89 | Tempo nel negozio:0.840 s | Tempo in coda:0.605 s | Code cambiate:1 |
CLIENTE 190 | Prodotti acquistati:30 | Tempo nel negozio:4.540 s | Tempo in coda:4.195 s | Code cambiate:1 |
CLIENTE 196 | Prodotti acquistati:72 | Tempo nel negozio:3.788 s | Tempo in coda:3.534 s | Code cambiate:1 |
CLIENTE 195 | Prodotti acquistati:65 | Tempo nel negozio:3.788 s | Tempo in coda:3.503 s | Code cambiate:1 |
CLIENTE 194 | Prodotti acquistati:58 | Tempo nel negozio:3.788 s | Tempo in coda:3.474 s | Code cambiate:1 |
CLIENTE 162 | Prodotti acquistati:34 | Tempo nel negozio:6.317 s | Tempo in coda:5.951 s | Code cambiate:1 |
CLIENTE 164 | Prodotti acquistati:48 | Tempo nel negozio:6.222 s | Tempo in coda:5.921 s | Code cambiate:1 |
CLIENTE 168 | Prodotti acquistati:76 | Tempo nel negozio:6.185 s | Tempo in coda:5.912 s | Code cambiate:1 |
CLIENTE 230 | Prodotti acquistati:10 | Tempo nel negozio:0.889 s | Tempo in coda:0.656 s | Code cambiate:1 |
CLIENTE 202 | Prodotti acquistati:14 | Tempo nel negozio:3.648 s | Tempo in coda:3.297 s | Code cambiate:1 |
CLIENTE 174 | Prodotti acquistati:18 | Tempo nel negozio:6.039 s | Tempo in coda:5.766 s | Code cambiate:1 |
CLIENTE 233 | Prodotti acquistati:31 | Tempo nel negozio:1.548 s | Tempo in coda:1.216 s | Code cambiate:1 |
CLIENTE 239 | Prodotti acquistati:73 | Tempo nel negozio:0.896 s | Tempo in coda:0.659 s | Code cambiate:1 |
CLIENTE 241 | Prodotti acquistati:87 | Tempo nel negozio:0.896 s | Tempo in coda:0.529 s | Code cambiate:1 |
CLIENTE 175 | Prodotti acquistati:25 | Tempo nel negozio:6.580 s | Tempo in coda:6.246 s | Code cambiate:1 |
CLIENTE 205 | Prodotti acquistati:35 | Tempo nel negozio:4.222 s | Tempo in coda:3.964 s | Code cambiate:1 |
CLIENTE 208 | Prodotti acquistati:56 | Tempo nel negozio:3.790 s | Tempo in coda:3.535 s | Code cambiate:1 |
CLIENTE 207 | Prodotti acquistati:49 | Tempo nel negozio:3.790 s | Tempo in coda:3.501 s | Code cambiate:1 |
CLIENTE 211 | Prodotti acquistati:77 | Tempo nel negozio:3.451 s | Tempo in coda:3.096 s | Code cambiate:1 |
CLIENTE 214 | Prodotti acquistati:98 | Tempo nel negozio:3.276 s | Tempo in coda:2.923 s | Code cambiate:1 |
CLIENTE 212 | Prodotti acquistati:84 | Tempo nel negozio:3.277 s | Tempo in coda:2.952 s | Code cambiate:1 |
CLIENTE 213 | Prodotti acquistati:91 | Tempo nel negozio:3.277 s | Tempo in coda:2.892 s | Code cambiate:1 |
CLIENTE 245 | Prodotti acquistati:15 | Tempo nel negozio:0.997 s | Tempo in coda:0.663 s | Code cambiate:1 |
CLIENTE 218 | Prodotti acquistati:26 | Tempo nel negozio:3.374 s | Tempo in coda:3.143 s | Code cambiate:1 |
CLIENTE 176 | Prodotti acquistati:32 | Tempo nel negozio:7.033 s | Tempo in coda:6.729 s | Code cambiate:1 |
CLIENTE 180 | Prodotti acquistati:60 | Tempo nel negozio:6.979 s | Tempo in coda:6.605 s | Code cambiate:1 |
CLIENTE 186 | Prodotti acquistati:2 | Tempo nel negozio:6.646 s | Tempo in coda:6.368 s | Code cambiate:1 |
CLIENTE 249 | Prodotti acquistati:43 | Tempo nel negozio:1.237 s | Tempo in coda:1.025 s | Code cambiate:1 |
CLIENTE 251 | Prodotti acquistati:57 | Tempo nel negozio:1.111 s | Tempo in coda:0.868 s | Code cambiate:1 |
CLIENTE 257 | Prodotti acquistati:99 | Tempo nel negozio:1.090 s | Tempo in coda:0.848 s | Code cambiate:1 |
CLIENTE 220 | Prodotti acquistati:40 | Tempo nel negozio:4.201 s | Tempo in coda:3.847 s | Code cambiate:1 |
CLIENTE 261 | Prodotti acquistati:27 | Tempo nel negozio:1.113 s | Tempo in coda:0.897 s | Code cambiate:1 |
CLIENTE 198 | Prodotti acquistati:86 | Tempo nel negozio:6.160 s | Tempo in coda:5.877 s | Code cambiate:1 |
CLIENTE 192 | Prodotti acquistati:44 | Tempo nel negozio:7.004 s | Tempo in coda:6.626 s | Code cambiate:1 |
CLIENTE 223 | Prodotti acquistati:61 | Tempo nel negozio:4.314 s | Tempo in coda:3.960 s | Code cambiate:1 |
CLIENTE 219 | Prodotti acquistati:33 | Tempo nel negozio:4.889 s | Tempo in coda:4.504 s | Code cambiate:1 |
CLIENTE 226 | Prodotti acquistati:82 | Tempo nel negozio:4.109 s | Tempo in coda:3.843 s | Code cambiate:1 |
CLIENTE 260 | Prodotti acquistati:20 | Tempo nel negozio:1.552 s | Tempo in coda:1.305 s | Code cambiate:1 |
CLIENTE 265 | Prodotti acquistati:55 | Tempo nel negozio:1.356 s | Tempo in coda:1.079 s | Code cambiate:1 |
CLIENTE 229 | Prodotti acquistati:3 | Tempo nel negozio:4.042 s | Tempo in coda:3.777 s | Code cambiate:1 |
CLIENTE 204 | Prodotti acquistati:28 | Tempo nel negozio:6.497 s | Tempo in coda:6.208 s | Code cambiate:1 |
CLIENTE 263 | Prodotti acquistati:41 | Tempo nel negozio:2.210 s | Tempo in coda:1.868 s | Code cambiate:1 |
CLIENTE 269 | Prodotti acquistati:83 | Tempo nel negozio:1.285 s | Tempo in coda:1.036 s | Code cambiate:1 |
CLIENTE 235 | Prodotti acquistati:45 | Tempo nel negozio:4.786 s | Tempo in coda:4.516 s | Code cambiate:1 |
CLIENTE 206 | Prodotti acquistati:42 | Tempo nel negozio:6.950 s | Tempo in coda:6.630 s | Code cambiate:1 |
CLIENTE 210 | Prodotti acquistati:70 | Tempo nel negozio:6.612 s | Tempo in coda:6.226 s | Code cambiate:1 |
CLIENTE 273 | Prodotti acquistati:11 | Tempo nel negozio:1.150 s | Tempo in coda:0.833 s | Code cambiate:1 |
CLIENTE 216 | Prodotti acquistati:12 | Tempo nel negozio:6.390 s | Tempo in coda:6.097 s | Code cambiate:1 |
CLIENTE 222 | Prodotti acquistati:54 | Tempo nel negozio:5.694 s | Tempo in coda:5.309 s | Code cambiate:1 |
CLIENTE 224 | Prodotti acquistati:68 | Tempo nel negozio:5.488 s | Tempo in coda:5.163 s | Code cambiate:1 |
CLIENTE 228 | Prodotti acquistati:96 | Tempo nel negozio:5.329 s | Tempo in coda:4.936 s | Code cambiate:1 |
CLIENTE 232 | Prodotti acquistati:24 | Tempo nel negozio:5.297 s | Tempo in coda:4.934 s | Code cambiate:1 |
CLIENTE 275 | Prodotti acquistati:25 | Tempo nel negozio:1.649 s | Tempo in coda:1.301 s | Code cambiate:1 |
CLIENTE 281 | Prodotti acquistati:67 | Tempo nel negozio:0.592 s | Tempo in coda:0.245 s | Code cambiate:1 |
CLIENTE 283 | Prodotti acquistati:81 | Tempo nel negozio:0.592 s | Tempo in coda:0.209 s | Code cambiate:1 |
CLIENTE 287 | Prodotti acquistati:9 | Tempo nel negozio:0.522 s | Tempo in coda:0.263 s | Code cambiate:1 |
CLIENTE 231 | Prodotti acquistati:17 | Tempo nel negozio:5.664 s | Tempo in coda:5.271 s | Code cambiate:1 |
CLIENTE 238 | Prodotti acquistati:66 | Tempo nel negozio:5.012 s | Tempo in coda:4.742 s | Code cambiate:1 |
CLIENTE 236 | Prodotti acquistati:52 | Tempo nel negozio:5.012 s | Tempo in coda:4.682 s | Code cambiate:1 |
CLIENTE 243 | Prodotti acquistati:1 | Tempo nel negozio:4.988 s | Tempo in coda:4.683 s | Code cambiate:1 |
CLIENTE 242 | Prodotti acquistati:94 | Tempo nel negozio:4.988 s | Tempo in coda:4.652 s | Code cambiate:1 |
CLIENTE 244 | Prodotti acquistati:8 | Tempo nel negozio:5.176 s | Tempo in coda:4.809 s | Code cambiate:1 |
CLIENTE 250 | Prodotti acquistati:50 | Tempo nel negozio:4.354 s | Tempo in coda:3.985 s | Code cambiate:1 |
CLIENTE 256 | Prodotti acquistati:92 | Tempo nel negozio:4.208 s | Tempo in coda:3.930 s | Code cambiate:1 |
CLIENTE 254 | Prodotti acquistati:78 | Tempo nel negozio:4.208 s | Tempo in coda:3.870 s | Code cambiate:1 |
CLIENTE 234 | Prodotti acquistati:38 | Tempo nel negozio:5.948 s | Tempo in coda:5.647 s | Code cambiate:1 |
CLIENTE 240 | Prodotti acquistati:80 | Tempo nel negozio:5.295 s | Tempo in coda:5.087 s | Code cambiate:1 |
CLIENTE 237 | Prodotti acquistati:59 | Tempo nel negozio:5.296 s | Tempo in coda:4.996 s | Code cambiate:1 |
CLIENTE 300 | Prodotti acquistati:0 | Tempo nel negozio:0.232 s | Tempo di coda:0 s | Code cambiate:0 |
CLIENTE 289 | Prodotti acquistati:23 | Tempo nel negozio:1.019 s | Tempo in coda:0.730 s | Code cambiate:1 |
CLIENTE 247 | Prodotti acquistati:29 | Tempo nel negozio:5.685 s | Tempo in coda:5.411 s | Code cambiate:1 |
CLIENTE 262 | Prodotti acquistati:34 | Tempo nel negozio:4.367 s | Tempo in coda:3.996 s | Code cambiate:1 |
CLIENTE 266 | Prodotti acquistati:62 | Tempo nel negozio:3.829 s | Tempo in coda:3.580 s | Code cambiate:1 |
CLIENTE 267 | Prodotti acquistati:69 | Tempo nel negozio:3.829 s | Tempo in coda:3.520 s | Code cambiate:1 |
CLIENTE 268 | Prodotti acquistati:76 | Tempo nel negozio:3.829 s | Tempo in coda:3.552 s | Code cambiate:1 |
CLIENTE 291 | Prodotti acquistati:37 | Tempo nel negozio:1.488 s | Tempo in coda:1.262 s | Code cambiate:1 |
CLIENTE 296 | Prodotti acquistati:72 | Tempo nel negozio:1.222 s | Tempo in coda:0.963 s | Code cambiate:1 |
CLIENTE 297 | Prodotti acquistati:79 | Tempo nel negozio:1.222 s | Tempo in coda:0.899 s | Code cambiate:1 |
CLIENTE 293 | Prodotti acquistati:51 | Tempo nel negozio:1.272 s | Tempo in coda:0.919 s | Code cambiate:1 |
CLIENTE 299 | Prodotti acquistati:93 | Tempo nel negozio:1.034 s | Tempo in coda:0.776 s | Code cambiate:1 |
CLIENTE 246 | Prodotti acquistati:22 | Tempo nel negozio:6.169 s | Tempo in coda:5.866 s | Code cambiate:1 |
CLIENTE 277 | Prodotti acquistati:39 | Tempo nel negozio:3.628 s | Tempo in coda:3.342 s | Code cambiate:1 |
CLIENTE 309 | Prodotti acquistati:63 | Tempo nel negozio:1.059 s | Tempo in coda:0.827 s | Code cambiate:1 |
CLIENTE 311 | Prodotti acquistati:77 | Tempo nel negozio:1.058 s | Tempo in coda:0.697 s | Code cambiate:1 |
CLIENTE 313 | Prodotti acquistati:91 | Tempo nel negozio:1.058 s | Tempo in coda:0.854 s | Code cambiate:1 |
CLIENTE 305 | Prodotti acquistati:35 | Tempo nel negozio:1.539 s | Tempo in coda:1.181 s | Code cambiate:1 |
CLIENTE 315 | Prodotti acquistati:5 | Tempo nel negozio:0.871 s | Tempo in coda:0.540 s | Code cambiate:1 |
CLIENTE 280 | Prodotti acquistati:60 | Tempo nel negozio:3.163 s | Tempo in coda:2.780 s | Code cambiate:1 |
CLIENTE 274 | Prodotti acquistati:18 | Tempo nel negozio:4.054 s | Tempo in coda:3.675 s | Code cambiate:1 |
CLIENTE 252 | Prodotti acquistati:64 | Tempo nel negozio:6.151 s | Tempo in coda:5.939 s | Code cambiate:1 |
CLIENTE 248 | Prodotti acquistati:36 | Tempo nel negozio:6.277 s | Tempo in coda:6.034 s | Code cambiate:1 |
CLIENTE 286 | Prodotti acquistati:2 | Tempo nel negozio:2.742 s | Tempo in coda:2.453 s | Code cambiate:1 |
CLIENTE 285 | Prodotti acquistati:95 | Tempo nel negozio:2.742 s | Tempo in coda:2.426 s | Code cambiate:1 |
CLIENTE 284 | Prodotti acquistati:88 | Tempo nel negozio:2.743 s | Tempo in coda:2.391 s | Code cambiate:1 |
CLIENTE 258 | Prodotti acquistati:6 | Tempo nel negozio:6.294 s | Tempo in coda:6.082 s | Code cambiate:1 |
CLIENTE 317 | Prodotti acquistati:19 | Tempo nel negozio:1.167 s | Tempo in coda:0.898 s | Code cambiate:1 |
CLIENTE 253 | Prodotti acquistati:71 | Tempo nel negozio:6.621 s | Tempo in coda:6.253 s | Code cambiate:1 |
CLIENTE 259 | Prodotti acquistati:13 | Tempo nel negozio:6.600 s | Tempo in coda:6.322 s | Code cambiate:1 |
CLIENTE 255 | Prodotti acquistati:85 | Tempo nel negozio:6.600 s | Tempo in coda:6.291 s | Code cambiate:1 |
CLIENTE 264 | Prodotti acquistati:48 | Tempo nel negozio:5.852 s | Tempo in coda:5.540 s | Code cambiate:1 |
CLIENTE 270 | Prodotti acquistati:90 | Tempo nel negozio:4.927 s | Tempo in coda:4.709 s | Code cambiate:1 |
CLIENTE 271 | Prodotti acquistati:97 | Tempo nel negozio:4.927 s | Tempo in coda:4.552 s | Code cambiate:1 |
CLIENTE 272 | Prodotti acquistati:4 | Tempo nel negozio:4.659 s | Tempo in coda:4.311 s | Code cambiate:1 |
CLIENTE 290 | Prodotti acquistati:30 | Tempo nel negozio:3.068 s | Tempo in coda:2.812 s | Code cambiate:1 |
CLIENTE 276 | Prodotti acquistati:32 | Tempo nel negozio:5.308 s | Tempo in coda:4.991 s | Code cambiate:1 |
CLIENTE 279 | Prodotti acquistati:53 | Tempo nel negozio:4.454 s | Tempo in coda:4.232 s | Code cambiate:1 |
CLIENTE 321 | Prodotti acquistati:47 | Tempo nel negozio:1.527 s | Tempo in coda:1.287 s | Code cambiate:1 |
CLIENTE 292 | Prodotti acquistati:44 | Tempo nel negozio:3.980 s | Tempo in coda:3.596 s | Code cambiate:1 |
CLIENTE 298 | Prodotti acquistati:86 | Tempo nel negozio:3.714 s | Tempo in coda:3.420 s | Code cambiate:1 |
CLIENTE 304 | Prodotti acquistati:28 | Tempo nel negozio:4.072 s | Tempo in coda:3.779 s | Code cambiate:1 |
CLIENTE 320 | Prodotti acquistati:40 | Tempo nel negozio:2.366 s | Tempo in coda:2.096 s | Code cambiate:1 |
CLIENTE 323 | Prodotti acquistati:61 | Tempo nel negozio:2.223 s | Tempo in coda:1.855 s | Code cambiate:1 |
CLIENTE 325 | Prodotti acquistati:75 | Tempo nel negozio:2.223 s | Tempo in coda:1.921 s | Code cambiate:1 |
CLIENTE 278 | Prodotti acquistati:46 | Tempo nel negozio:5.416 s | Tempo in coda:5.166 s | Code cambiate:1 |
CLIENTE 282 | Prodotti acquistati:74 | Tempo nel negozio:5.215 s | Tempo in coda:4.991 s | Code cambiate:1 |
CLIENTE 329 | Prodotti acquistati:3 | Tempo nel negozio:2.150 s | Tempo in coda:1.875 s | Code cambiate:1 |
CLIENTE 302 | Prodotti acquistati:14 | Tempo nel negozio:4.384 s | Tempo in coda:4.024 s | Code cambiate:1 |
CLIENTE 307 | Prodotti acquistati:49 | Tempo nel negozio:4.198 s | Tempo in coda:3.903 s | Code cambiate:1 |
CLIENTE 310 | Prodotti acquistati:70 | Tempo nel negozio:3.718 s | Tempo in coda:3.513 s | Code cambiate:1 |
CLIENTE 308 | Prodotti acquistati:56 | Tempo nel negozio:3.718 s | Tempo in coda:3.451 s | Code cambiate:1 |
CLIENTE 288 | Prodotti acquistati:16 | Tempo nel negozio:5.292 s | Tempo in coda:5.064 s | Code cambiate:1 |
CLIENTE 295 | Prodotti acquistati:65 | Tempo nel negozio:4.769 s | Tempo in coda:4.476 s | Code cambiate:1 |
CLIENTE 294 | Prodotti acquistati:58 | Tempo nel negozio:4.770 s | Tempo in coda:4.447 s | Code cambiate:1 |
CLIENTE 316 | Prodotti acquistati:12 | Tempo nel negozio:3.668 s | Tempo in coda:3.371 s | Code cambiate:1 |
CLIENTE 314 | Prodotti acquistati:98 | Tempo nel negozio:3.668 s | Tempo in coda:3.307 s | Code cambiate:1 |
CLIENTE 322 | Prodotti acquistati:54 | Tempo nel negozio:2.932 s | Tempo in coda:2.723 s | Code cambiate:1 |
CLIENTE 328 | Prodotti acquistati:96 | Tempo nel negozio:2.721 s | Tempo in coda:2.419 s | Code cambiate:1 |
CLIENTE 333 | Prodotti acquistati:31 | Tempo nel negozio:2.500 s | Tempo in coda:2.163 s | Code cambiate:1 |
CLIENTE 303 | Prodotti acquistati:21 | Tempo nel negozio:4.952 s | Tempo in coda:4.623 s | Code cambiate:1 |
CLIENTE 331 | Prodotti acquistati:17 | Tempo nel negozio:2.987 s | Tempo in coda:2.774 s | Code cambiate:1 |
CLIENTE 301 | Prodotti acquistati:7 | Tempo nel negozio:5.179 s | Tempo in coda:4.790 s | Code cambiate:1 |
CLIENTE 335 | Prodotti acquistati:45 | Tempo nel negozio:3.438 s | Tempo in coda:3.067 s | Code cambiate:1 |
CLIENTE 339 | Prodotti acquistati:73 | Tempo nel negozio:3.217 s | Tempo in coda:2.969 s | Code cambiate:1 |
CLIENTE 334 | Prodotti acquistati:38 | Tempo nel negozio:3.468 s | Tempo in coda:3.158 s | Code cambiate:1 |
CLIENTE 337 | Prodotti acquistati:59 | Tempo nel negozio:3.468 s | Tempo in coda:3.158 s | Code cambiate:1 |
CLIENTE 340 | Prodotti acquistati:80 | Tempo nel negozio:3.247 s | Tempo in coda:3.034 s | Code cambiate:1 |
CLIENTE 338 | Prodotti acquistati:66 | Tempo nel negozio:3.247 s | Tempo in coda:2.968 s | Code cambiate:1 |
CLIENTE 306 | Prodotti acquistati:42 | Tempo nel negozio:5.828 s | Tempo in coda:5.500 s | Code cambiate:1 |
CLIENTE 312 | Prodotti acquistati:84 | Tempo nel negozio:5.348 s | Tempo in coda:5.116 s | Code cambiate:1 |
CLIENTE 319 | Prodotti acquistati:33 | Tempo nel negozio:5.605 s | Tempo in coda:5.396 s | Code cambiate:1 |
CLIENTE 318 | Prodotti acquistati:26 | Tempo nel negozio:6.166 s | Tempo in coda:5.927 s | Code cambiate:1 |
CLIENTE 324 | Prodotti acquistati:68 | Tempo nel negozio:5.408 s | Tempo in coda:5.071 s | Code cambiate:1 |
CLIENTE 326 | Prodotti acquistati:82 | Tempo nel negozio:5.341 s | Tempo in coda:5.069 s | Code cambiate:1 |
CLIENTE 327 | Prodotti acquistati:89 | Tempo nel negozio:5.341 s | Tempo in coda:5.009 s | Code cambiate:1 |
CLIENTE 330 | Prodotti acquistati:10 | Tempo nel negozio:5.477 s | Tempo in coda:5.233 s | Code cambiate:1 |
CLIENTE 336 | Prodotti acquistati:52 | Tempo nel negozio:5.171 s | Tempo in coda:4.835 s | Code cambiate:1 |
CLIENTE 332 | Prodotti acquistati:24 | Tempo nel negozio:5.692 s | Tempo in coda:5.321 s | Code cambiate:1 |
CASSA 1 | Prodotti processati: 5931 | Clienti serviti: 115 | Tempo apertura:30.459 s | Tempo medio servizio:1.058 s | n. Chiusure:0 |
CASSA 2 | Prodotti processati: 5374 | Clienti serviti: 110 | Tempo apertura:30.459 s | Tempo medio servizio:1.011 s | n. Chiusure:0 |
CASSA 3 | Prodotti processati: 5447 | Clienti serviti: 111 | Tempo apertura:30.459 s | Tempo medio servizio:1.022 s | n. Chiusure:0 |
CASSA 0 | Prodotti processati: 68 | Clienti serviti: 2 | Tempo apertura:0.396 s | Tempo medio servizio:0.730 s | n. Chiusure:1 |
CASSA 5 | Prodotti processati: 0 | Clienti serviti: 0 | Tempo apertura:0.000 s | Tempo medio servizio:0.000 s | n. Chiusure:0 |
CASSA 4 | Prodotti processati: 0 | Clienti serviti: 0 | Tempo apertura:0.000 s | Tempo medio servizio:0.000 s | n. Chiusure:0 |

CLIENTI SERVITI: 341
PRODOTTI VENDUTI: 16820
